<?xml version="1.0" encoding="UTF-8"?>
<!-- Generated by org.testng.reporters.JUnitReportReporter -->
<testsuite hostname="MHW81" failures="0" tests="1" name="newtest.newfirst" time="80.252" errors="0" timestamp="2020-09-19T18:10:09 EDT" skipped="0">
  <testcase classname="newtest.newfirst" name="negativelogin2" time="80.252"/>
  <system-out/>
</testsuite> <!-- newtest.newfirst -->
