<?xml version="1.0" encoding="UTF-8"?>
<!-- Generated by org.testng.reporters.JUnitReportReporter -->
<testsuite hostname="MHW81" failures="0" tests="1" name="newtest.newfirst" time="51.602" errors="0" timestamp="2020-08-24T15:06:33 EDT" skipped="0">
  <testcase classname="newtest.newfirst" name="negativelogin2" time="51.602"/>
  <system-out/>
</testsuite> <!-- newtest.newfirst -->
